open source     > level 1, order 1, name '/Users/ccdpandhare/context/tex/texmf-context/tex/context/base/mkiv/cont-yes.mkiv'
system          > 
system          > ConTeXt  ver: 2017.06.30 19:45 MKIV beta  fmt: 2017.7.5  int: english/english
system          > 
system          > 'cont-new.mkiv' loaded
open source     > level 2, order 2, name '/Users/ccdpandhare/context/tex/texmf-context/tex/context/base/mkiv/cont-new.mkiv'
close source    > level 2, order 2, name '/Users/ccdpandhare/context/tex/texmf-context/tex/context/base/mkiv/cont-new.mkiv'
system          > files > jobname 'resume', input './resume', result 'resume'
fonts           > latin modern fonts are not preloaded
languages       > language 'en' is active
open source     > level 2, order 3, name '/Users/ccdpandhare/Desktop/pandoc_resume/resume.tex'
colors          > defining > unknown library 'hex'
open source     > level 3, order 4, name '/Users/ccdpandhare/context/tex/texmf-context/tex/context/fonts/mkiv/type-imp-texgyre.mkiv'
close source    > level 3, order 4, name '/Users/ccdpandhare/context/tex/texmf-context/tex/context/fonts/mkiv/type-imp-texgyre.mkiv'
structure       > sectioning > section @ level 3 : 0.0.1 -> Chinmay Pandhare
structure       > sectioning > subsection @ level 4 : 0.0.1.1 -> Contact Me
floatblocks     > '1' placed
structure       > sectioning > subsection @ level 4 : 0.0.1.2 -> Education
structure       > sectioning > subsection @ level 4 : 0.0.1.3 -> Bio
structure       > sectioning > subsection @ level 4 : 0.0.1.4 -> Experience
structure       > sectioning > subsubsubsection @ level 6 : 0.0.1.4.0.1 -> Google Summer of Code 2017 (June 2017 - Present)
structure       > sectioning > subsubsubsection @ level 6 : 0.0.1.4.0.2 -> Jhunjhunu District Court (January 2017 - Present)
structure       > sectioning > subsection @ level 4 : 0.0.1.5 -> Team Work
structure       > sectioning > subsubsubsection @ level 6 : 0.0.1.5.0.1 -> DVM BITS Pilani (August 2016 - Present)
structure       > sectioning > subsubsubsection @ level 6 : 0.0.1.5.0.2 -> NSS, BITS Pilani (March 2017 - Present)
structure       > sectioning > subsubsubsection @ level 6 : 0.0.1.5.0.3 -> CEL, BITS Pilani (August 2016 - December 2016)
backend         > xmp > using file '/Users/ccdpandhare/context/tex/texmf-context/tex/context/base/mkiv/lpdf-pdx.xml'
pages           > flushing realpage 1, userpage 1, subpage 1
close source    > level 2, order 4, name '/Users/ccdpandhare/Desktop/pandoc_resume/resume.tex'
close source    > level 1, order 4, name '/Users/ccdpandhare/context/tex/texmf-context/tex/context/base/mkiv/cont-yes.mkiv'

system          > structure > start used structure

used structure  > text: resume

system          > structure > stop used structure


system          > files > start used files

used file       >    1: filename=cont-yes.mkiv filetype=tex foundname=/Users/ccdpandhare/context/tex/texmf-context/tex/context/base/mkiv/cont-yes.mkiv fullname=/Users/ccdpandhare/context/tex/texmf-context/tex/context/base/mkiv/cont-yes.mkiv usedmethod=database
used file       >    2: filename=publ-imp-default.lua filetype=scripts foundname=/Users/ccdpandhare/context/tex/texmf-context/tex/context/base/mkiv/publ-imp-default.lua fullname=/Users/ccdpandhare/context/tex/texmf-context/tex/context/base/mkiv/publ-imp-default.lua usedmethod=database
used file       >    3: filename=cont-new.mkiv filetype=tex foundname=/Users/ccdpandhare/context/tex/texmf-context/tex/context/base/mkiv/cont-new.mkiv fullname=/Users/ccdpandhare/context/tex/texmf-context/tex/context/base/mkiv/cont-new.mkiv usedmethod=database
used file       >    4: filename=lang-exc.lua filetype=scripts foundname=/Users/ccdpandhare/context/tex/texmf-context/tex/context/base/mkiv/lang-exc.lua fullname=/Users/ccdpandhare/context/tex/texmf-context/tex/context/base/mkiv/lang-exc.lua usedmethod=database
used file       >    5: filename=lang-us.lua filetype=scripts foundname=/Users/ccdpandhare/context/tex/texmf-context/tex/context/patterns/mkiv/lang-us.lua fullname=/Users/ccdpandhare/context/tex/texmf-context/tex/context/patterns/mkiv/lang-us.lua usedmethod=database
used file       >    6: filename=/Users/ccdpandhare/Desktop/pandoc_resume/resume.tex foundname=/Users/ccdpandhare/Desktop/pandoc_resume/resume.tex fullname=/Users/ccdpandhare/Desktop/pandoc_resume/resume.tex usedmethod=direct
used file       >    7: filename=type-imp-texgyre.mkiv filetype=tex foundname=/Users/ccdpandhare/context/tex/texmf-context/tex/context/fonts/mkiv/type-imp-texgyre.mkiv fullname=/Users/ccdpandhare/context/tex/texmf-context/tex/context/fonts/mkiv/type-imp-texgyre.mkiv usedmethod=database
used file       >    8: filename=lm.lfg filetype=tex foundname=/Users/ccdpandhare/context/tex/texmf-context/tex/context/fonts/mkiv/lm.lfg fullname=/Users/ccdpandhare/context/tex/texmf-context/tex/context/fonts/mkiv/lm.lfg usedmethod=database
used file       >    9: filename=texgyreheros-regular filetype=otf format=otf foundname=/Users/ccdpandhare/context/tex/texmf/fonts/opentype/public/tex-gyre/texgyreheros-regular.otf fullname=/Users/ccdpandhare/context/tex/texmf/fonts/opentype/public/tex-gyre/texgyreheros-regular.otf usedmethod=database
used file       >   10: filename=latinmodern-math.otf filetype=opentypefonts foundname=/Users/ccdpandhare/context/tex/texmf/fonts/opentype/public/lm-math/latinmodern-math.otf fullname=/Users/ccdpandhare/context/tex/texmf/fonts/opentype/public/lm-math/latinmodern-math.otf usedmethod=database
used file       >   11: filename=texgyreheros-bold filetype=otf format=otf foundname=/Users/ccdpandhare/context/tex/texmf/fonts/opentype/public/tex-gyre/texgyreheros-bold.otf fullname=/Users/ccdpandhare/context/tex/texmf/fonts/opentype/public/tex-gyre/texgyreheros-bold.otf usedmethod=database
used file       >   12: filename=lmmono10-regular filetype=otf format=otf foundname=/Users/ccdpandhare/context/tex/texmf/fonts/opentype/public/lm/lmmono10-regular.otf fullname=/Users/ccdpandhare/context/tex/texmf/fonts/opentype/public/lm/lmmono10-regular.otf usedmethod=database
used file       >   13: filename=lpdf-pdx.xml filetype=tex foundname=/Users/ccdpandhare/context/tex/texmf-context/tex/context/base/mkiv/lpdf-pdx.xml fullname=/Users/ccdpandhare/context/tex/texmf-context/tex/context/base/mkiv/lpdf-pdx.xml usedmethod=database

system          > files > stop used files


system          > options > start commandline options

used option     > currentrun="3"
used option     > fulljobname="./resume.tex"
used option     > input="./resume.tex"
used option     > kindofrun="2"
used option     > maxnofruns="9"
used option     > no-parse-first-line="true"

system          > options > stop commandline options

system          > options > start commandline files

used file       >    1: ./resume.tex

system          > options > stop commandline files


mkiv lua stats  > used config file: selfautoparent:/texmf/web2c/texmfcnf.lua
mkiv lua stats  > used cache path: /Users/ccdpandhare/context/tex/texmf-cache/luatex-cache/context/5fe67e0bfe781ce0dde776fb1556f32e
mkiv lua stats  > resource resolver: loadtime 0.018 seconds, 0 scans with scantime 0.000 seconds, 0 shared scans, 13 found files, scanned paths: <none>
mkiv lua stats  > stored bytecode data: 404 modules (0.495 sec), 91 tables (0.029 sec), 495 chunks (0.523 sec)
mkiv lua stats  > traced context: maxstack: 1242, freed: 1, unreachable: 1241
mkiv lua stats  > cleaned up reserved nodes: 58 nodes, 9 lists of 450
mkiv lua stats  > node memory usage: 2 glue, 2 kern, 2 penalty, 14 attribute, 49 glue_spec, 4 attribute_list, 2 temp, 2 user_defined
mkiv lua stats  > node list callback tasks: 7 unique task lists, 6 instances (re)created, 235 calls
mkiv lua stats  > h-node processing time: 0.012 seconds including kernel
mkiv lua stats  > used backend: pdf (backend for directly generating pdf output)
mkiv lua stats  > jobdata time: 0.003 seconds saving, 0.002 seconds loading
mkiv lua stats  > callbacks: 530 direct, 697 indirect, 1227 total
mkiv lua stats  > randomizer: resumed with value 0.10534838219422
mkiv lua stats  > loaded patterns: en::2, load time: 0.000
mkiv lua stats  > interactive elements: 8 references, 11 destinations
mkiv lua stats  > result saved in file: resume.pdf, compresslevel 3, objectcompresslevel 3
mkiv lua stats  > loaded fonts: 4 files: latinmodern-math.otf, lmmono10-regular.otf, texgyreheros-bold.otf, texgyreheros-regular.otf
mkiv lua stats  > font engine: otf 3.030, afm 1.512, tfm 1.000, 10 instances, 4 shared in backend, 0 common vectors, 4 common hashes, load time 0.362 seconds 
mkiv lua stats  > pdf annotations: 8 links (8 unique), 0 special
mkiv lua stats  > used platform: osx-64, type: unix, binary subtree: texmf-osx-64
mkiv lua stats  > used engine: luatex version 1.05 with functionality level 6357, banner: this is luatex, version 1.05.0 (tex live 2017)
mkiv lua stats  > control sequences: 45491 of 65536 + 100000
mkiv lua stats  > lua properties: engine: lua, used memory: 84 MB (ctx: 84 MB), hash type: lua, hash chars: min(64,40), symbol mask: utf (τεχ)
mkiv lua stats  > runtime: 1.278 seconds, 1 processed pages, 1 shipped pages, 0.782 pages/second

